<?xml version="1.0" encoding="UTF-8"?>
<!-- Generated by org.testng.reporters.JUnitXMLReporter -->
<testsuite ignored="0" hostname="DESKTOP-FEQ3OA0" failures="0" tests="3" name="Default test" time="2.475" errors="0" timestamp="2023-03-20T21:44:38 IST">
  <testcase classname="libraryAPIProject.Library" name="addBook" time="2.141"/>
  <testcase classname="libraryAPIProject.Library" name="addBook" time="0.139"/>
  <testcase classname="libraryAPIProject.Library" name="addBook" time="0.153"/>
</testsuite> <!-- Default test -->
